mode: set
github.com/vaksi/user_management/internal/healths/service.go:15.57,19.2 1 1
github.com/vaksi/user_management/internal/users/service/service.go:28.83,35.19 2 1
github.com/vaksi/user_management/internal/users/service/service.go:39.5,39.11 1 1
github.com/vaksi/user_management/internal/users/service/service.go:35.19,38.6 2 1
github.com/vaksi/user_management/pkg/configuration/configuration.go:17.67,23.19 4 1
github.com/vaksi/user_management/pkg/configuration/configuration.go:27.5,27.11 1 1
github.com/vaksi/user_management/pkg/configuration/configuration.go:23.19,25.6 1 1
github.com/vaksi/user_management/internal/http/handler.go:38.75,42.2 3 1
github.com/vaksi/user_management/internal/http/handler.go:44.74,49.67 2 1
github.com/vaksi/user_management/internal/http/handler.go:54.5,54.92 1 1
github.com/vaksi/user_management/internal/http/handler.go:58.5,58.51 1 1
github.com/vaksi/user_management/internal/http/handler.go:49.67,52.6 2 1
github.com/vaksi/user_management/internal/http/handler.go:54.92,57.6 2 1
github.com/vaksi/user_management/internal/http/handler.go:62.46,75.45 7 1
github.com/vaksi/user_management/internal/http/handler.go:78.5,80.13 3 1
github.com/vaksi/user_management/internal/http/handler.go:75.45,77.6 1 1
